 - 302046 [info] Starting STUMP Loader
 - 302046 [info] No serial port specified
 - 302046 [info] Searching for ports...
 - 302046 [info] Found ttyUSB0
 - 302046 [info] Found ttyS4
 - 302046 [info] Found ttyS0
 - 302046 [info] Using ttyUSB0
 - 302046 [info] Port ttyUSB0
 - 302046 [info] File /home/x93125tp/Questa/COMP12111/synthesis/Display_Decoder_Board/Display_Decoder_Board.bin
 - 302046 [info] Sectors to upload: 19
 - 302046 [info] File size bytes: 1241804
 - 302046 [info] Board said: R
 - 302046 [info] Writing sector 32 total size 65537
 - 302046 [info] Board said: P
 - 302046 [info] Board said: R
 - 302046 [info] Writing sector 33 total size 65537
 - 302046 [info] Board said: P
 - 302046 [info] Board said: R
 - 302046 [info] Writing sector 34 total size 65537
 - 302046 [info] Board said: P
 - 302046 [info] Board said: R
 - 302046 [info] Writing sector 35 total size 65537
 - 302046 [info] Board said: P
 - 302046 [info] Board said: R
 - 302046 [info] Writing sector 36 total size 65537
 - 302046 [info] Board said: P
 - 302046 [info] Board said: R
 - 302046 [info] Writing sector 37 total size 65537
 - 302046 [info] Board said: P
 - 302046 [info] Board said: R
 - 302046 [info] Writing sector 38 total size 65537
 - 302046 [info] Board said: P
 - 302046 [info] Board said: R
 - 302046 [info] Writing sector 39 total size 65537
 - 302046 [info] Board said: P
 - 302046 [info] Board said: R
 - 302046 [info] Writing sector 40 total size 65537
 - 302046 [info] Board said: P
 - 302046 [info] Board said: R
 - 302046 [info] Writing sector 41 total size 65537
 - 302046 [info] Board said: P
 - 302046 [info] Board said: R
 - 302046 [info] Writing sector 42 total size 65537
 - 302046 [info] Board said: P
 - 302046 [info] Board said: R
 - 302046 [info] Writing sector 43 total size 65537
 - 302046 [info] Board said: P
 - 302046 [info] Board said: R
 - 302046 [info] Writing sector 44 total size 65537
 - 302046 [info] Board said: P
 - 302046 [info] Board said: R
 - 302046 [info] Writing sector 45 total size 65537
 - 302046 [info] Board said: P
 - 302046 [info] Board said: R
 - 302046 [info] Writing sector 46 total size 65537
 - 302046 [info] Board said: P
 - 302046 [info] Board said: R
 - 302046 [info] Writing sector 47 total size 65537
 - 302046 [info] Board said: P
 - 302046 [info] Board said: R
 - 302046 [info] Writing sector 48 total size 65537
 - 302046 [info] Board said: P
 - 302046 [info] Board said: R
 - 302046 [info] Writing sector 49 total size 65537
 - 302046 [info] Board said: P
 - 302046 [info] Board said: R
 - 302046 [info] Writing sector 50 total size 65537
 - 302046 [info] Board said: P
 - 302046 [info] Starting warm boot 
